# JRE version: OpenJDK Runtime Environment (21.0.2+13) (build 21.0.2+13-58)
# Java VM: OpenJDK 64-Bit Server VM (21.0.2+13-58, mixed mode, sharing, tiered, compressed oops, compressed class ptrs, g1 gc, bsd-aarch64)
Heap:
 garbage-first heap   total 264192K, used 106125K [0x0000000700000000, 0x0000000800000000)
  region size 2048K, 51 young (104448K), 1 survivors (2048K)
 Metaspace       used 15610K, committed 16000K, reserved 1114112K
  class space    used 1773K, committed 1920K, reserved 1048576K
GC Heap History (20 events):
Event: 5669.777 GC heap before
{Heap before GC invocations=757 (full 0):
 garbage-first heap   total 264192K, used 159373K [0x0000000700000000, 0x0000000800000000)
  region size 2048K, 76 young (155648K), 1 survivors (2048K)
 Metaspace       used 15610K, committed 16000K, reserved 1114112K
  class space    used 1773K, committed 1920K, reserved 1048576K
}
Event: 5669.778 GC heap after
{Heap after GC invocations=758 (full 0):
 garbage-first heap   total 264192K, used 5773K [0x0000000700000000, 0x0000000800000000)
  region size 2048K, 1 young (2048K), 1 survivors (2048K)
 Metaspace       used 15610K, committed 16000K, reserved 1114112K
  class space    used 1773K, committed 1920K, reserved 1048576K
}
Event: 5676.496 GC heap before
{Heap before GC invocations=758 (full 0):
 garbage-first heap   total 264192K, used 159373K [0x0000000700000000, 0x0000000800000000)
  region size 2048K, 76 young (155648K), 1 survivors (2048K)
 Metaspace       used 15610K, committed 16000K, reserved 1114112K
  class space    used 1773K, committed 1920K, reserved 1048576K
}
Event: 5676.497 GC heap after
{Heap after GC invocations=759 (full 0):
 garbage-first heap   total 264192K, used 5769K [0x0000000700000000, 0x0000000800000000)
  region size 2048K, 1 young (2048K), 1 survivors (2048K)
 Metaspace       used 15610K, committed 16000K, reserved 1114112K
  class space    used 1773K, committed 1920K, reserved 1048576K
}
Event: 5683.017 GC heap before
{Heap before GC invocations=759 (full 0):
 garbage-first heap   total 264192K, used 159369K [0x0000000700000000, 0x0000000800000000)
  region size 2048K, 76 young (155648K), 1 survivors (2048K)
 Metaspace       used 15610K, committed 16000K, reserved 1114112K
  class space    used 1773K, committed 1920K, reserved 1048576K
}
Event: 5683.018 GC heap after
{Heap after GC invocations=760 (full 0):
 garbage-first heap   total 264192K, used 5773K [0x0000000700000000, 0x0000000800000000)
  region size 2048K, 1 young (2048K), 1 survivors (2048K)
 Metaspace       used 15610K, committed 16000K, reserved 1114112K
  class space    used 1773K, committed 1920K, reserved 1048576K
}
Event: 5689.762 GC heap before
{Heap before GC invocations=760 (full 0):
 garbage-first heap   total 264192K, used 159373K [0x0000000700000000, 0x0000000800000000)
  region size 2048K, 76 young (155648K), 1 survivors (2048K)
 Metaspace       used 15610K, committed 16000K, reserved 1114112K
  class space    used 1773K, committed 1920K, reserved 1048576K
}
Event: 5689.762 GC heap after
{Heap after GC invocations=761 (full 0):
 garbage-first heap   total 264192K, used 5773K [0x0000000700000000, 0x0000000800000000)
  region size 2048K, 1 young (2048K), 1 survivors (2048K)
 Metaspace       used 15610K, committed 16000K, reserved 1114112K
  class space    used 1773K, committed 1920K, reserved 1048576K
}
Event: 5696.324 GC heap before
{Heap before GC invocations=761 (full 0):
 garbage-first heap   total 264192K, used 159373K [0x0000000700000000, 0x0000000800000000)
  region size 2048K, 76 young (155648K), 1 survivors (2048K)
 Metaspace       used 15610K, committed 16000K, reserved 1114112K
  class space    used 1773K, committed 1920K, reserved 1048576K
}
Event: 5696.324 GC heap after
{Heap after GC invocations=762 (full 0):
 garbage-first heap   total 264192K, used 5769K [0x0000000700000000, 0x0000000800000000)
  region size 2048K, 1 young (2048K), 1 survivors (2048K)
 Metaspace       used 15610K, committed 16000K, reserved 1114112K
  class space    used 1773K, committed 1920K, reserved 1048576K
}
Event: 5702.898 GC heap before
{Heap before GC invocations=762 (full 0):
 garbage-first heap   total 264192K, used 159369K [0x0000000700000000, 0x0000000800000000)
  region size 2048K, 76 young (155648K), 1 survivors (2048K)
 Metaspace       used 15610K, committed 16000K, reserved 1114112K
  class space    used 1773K, committed 1920K, reserved 1048576K
}
Event: 5702.899 GC heap after
{Heap after GC invocations=763 (full 0):
 garbage-first heap   total 264192K, used 5767K [0x0000000700000000, 0x0000000800000000)
  region size 2048K, 1 young (2048K), 1 survivors (2048K)
 Metaspace       used 15610K, committed 16000K, reserved 1114112K
  class space    used 1773K, committed 1920K, reserved 1048576K
}
Event: 5709.443 GC heap before
{Heap before GC invocations=763 (full 0):
 garbage-first heap   total 264192K, used 159367K [0x0000000700000000, 0x0000000800000000)
  region size 2048K, 76 young (155648K), 1 survivors (2048K)
 Metaspace       used 15610K, committed 16000K, reserved 1114112K
  class space    used 1773K, committed 1920K, reserved 1048576K
}
Event: 5709.444 GC heap after
{Heap after GC invocations=764 (full 0):
 garbage-first heap   total 264192K, used 5773K [0x0000000700000000, 0x0000000800000000)
  region size 2048K, 1 young (2048K), 1 survivors (2048K)
 Metaspace       used 15610K, committed 16000K, reserved 1114112K
  class space    used 1773K, committed 1920K, reserved 1048576K
}
Event: 5715.992 GC heap before
{Heap before GC invocations=764 (full 0):
 garbage-first heap   total 264192K, used 159373K [0x0000000700000000, 0x0000000800000000)
  region size 2048K, 76 young (155648K), 1 survivors (2048K)
 Metaspace       used 15610K, committed 16000K, reserved 1114112K
  class space    used 1773K, committed 1920K, reserved 1048576K
}
Event: 5715.993 GC heap after
{Heap after GC invocations=765 (full 0):
 garbage-first heap   total 264192K, used 5773K [0x0000000700000000, 0x0000000800000000)
  region size 2048K, 1 young (2048K), 1 survivors (2048K)
 Metaspace       used 15610K, committed 16000K, reserved 1114112K
  class space    used 1773K, committed 1920K, reserved 1048576K
}
Event: 5722.540 GC heap before
{Heap before GC invocations=765 (full 0):
 garbage-first heap   total 264192K, used 159373K [0x0000000700000000, 0x0000000800000000)
  region size 2048K, 76 young (155648K), 1 survivors (2048K)
 Metaspace       used 15610K, committed 16000K, reserved 1114112K
  class space    used 1773K, committed 1920K, reserved 1048576K
}
Event: 5722.541 GC heap after
{Heap after GC invocations=766 (full 0):
 garbage-first heap   total 264192K, used 5773K [0x0000000700000000, 0x0000000800000000)
  region size 2048K, 1 young (2048K), 1 survivors (2048K)
 Metaspace       used 15610K, committed 16000K, reserved 1114112K
  class space    used 1773K, committed 1920K, reserved 1048576K
}
Event: 5729.095 GC heap before
{Heap before GC invocations=766 (full 0):
 garbage-first heap   total 264192K, used 159373K [0x0000000700000000, 0x0000000800000000)
  region size 2048K, 76 young (155648K), 1 survivors (2048K)
 Metaspace       used 15610K, committed 16000K, reserved 1114112K
  class space    used 1773K, committed 1920K, reserved 1048576K
}
Event: 5729.096 GC heap after
{Heap after GC invocations=767 (full 0):
 garbage-first heap   total 264192K, used 5771K [0x0000000700000000, 0x0000000800000000)
  region size 2048K, 1 young (2048K), 1 survivors (2048K)
 Metaspace       used 15610K, committed 16000K, reserved 1114112K
  class space    used 1773K, committed 1920K, reserved 1048576K
}

